C:\USERS\Алексей\DOCUMENTS\GITHUB\KURS2020\DEBUG\KURS2020.EXE
C:\USERS\Алексей\DOCUMENTS\GITHUB\KURS2020\DEBUG\KURS2020.ILK
C:\USERS\АЛЕКСЕЙ\DOCUMENTS\GITHUB\KURS2020\DEBUG\KURS2020.PDB
C:\USERS\Алексей\DOCUMENTS\GITHUB\KURS2020\KURS2020\DEBUG\.NETFRAMEWORK,VERSION=V4.0.ASSEMBLYATTRIBUTES.OBJ
C:\USERS\АЛЕКСЕЙ\DOCUMENTS\GITHUB\KURS2020\KURS2020\DEBUG\123.OBJ
C:\USERS\Алексей\DOCUMENTS\GITHUB\KURS2020\KURS2020\DEBUG\APP.RES
C:\USERS\АЛЕКСЕЙ\DOCUMENTS\GITHUB\KURS2020\KURS2020\DEBUG\ASSEMBLYINFO.OBJ
C:\Users\Алексей\Documents\GitHub\kurs2020\kurs2020\Debug\cl.command.1.tlog
C:\Users\Алексей\Documents\GitHub\kurs2020\kurs2020\Debug\CL.read.1.tlog
C:\Users\Алексей\Documents\GitHub\kurs2020\kurs2020\Debug\CL.write.1.tlog
C:\USERS\Алексей\DOCUMENTS\GITHUB\KURS2020\KURS2020\DEBUG\GLOBAL.OBJ
C:\USERS\Алексей\DOCUMENTS\GITHUB\KURS2020\KURS2020\DEBUG\KREST_AND_VILLAGE.OBJ
C:\USERS\Алексей\DOCUMENTS\GITHUB\KURS2020\KURS2020\DEBUG\KURS2020.EXE.INTERMEDIATE.MANIFEST
C:\Users\Алексей\Documents\GitHub\kurs2020\kurs2020\Debug\kurs2020.Form1.resources
C:\Users\Алексей\Documents\GitHub\kurs2020\kurs2020\Debug\kurs2020.main_game.resources
C:\USERS\АЛЕКСЕЙ\DOCUMENTS\GITHUB\KURS2020\KURS2020\DEBUG\KURS2020.OBJ
C:\USERS\Алексей\DOCUMENTS\GITHUB\KURS2020\KURS2020\DEBUG\KURS2020.PCH
C:\Users\Алексей\Documents\GitHub\kurs2020\kurs2020\Debug\kurs2020.tabl_krest.resources
C:\Users\Алексей\Documents\GitHub\kurs2020\kurs2020\Debug\kurs2020.vcxproj.GenerateResource.Cache
C:\Users\Алексей\Documents\GitHub\kurs2020\kurs2020\Debug\kurs2020.vcxprojResolveAssemblyReference.cache
C:\Users\Алексей\Documents\GitHub\kurs2020\kurs2020\Debug\kurs2020.write.1.tlog
C:\Users\Алексей\Documents\GitHub\kurs2020\kurs2020\Debug\link.10260.read.1.tlog
C:\Users\Алексей\Documents\GitHub\kurs2020\kurs2020\Debug\link.10260.write.1.tlog
C:\Users\Алексей\Documents\GitHub\kurs2020\kurs2020\Debug\link.10260-cvtres.read.1.tlog
C:\Users\Алексей\Documents\GitHub\kurs2020\kurs2020\Debug\link.10260-cvtres.write.1.tlog
C:\Users\Алексей\Documents\GitHub\kurs2020\kurs2020\Debug\link.10912.read.1.tlog
C:\Users\Алексей\Documents\GitHub\kurs2020\kurs2020\Debug\link.10912.write.1.tlog
C:\Users\Алексей\Documents\GitHub\kurs2020\kurs2020\Debug\link.10912-cvtres.read.1.tlog
C:\Users\Алексей\Documents\GitHub\kurs2020\kurs2020\Debug\link.10912-cvtres.write.1.tlog
C:\Users\Алексей\Documents\GitHub\kurs2020\kurs2020\Debug\link.10984.read.1.tlog
C:\Users\Алексей\Documents\GitHub\kurs2020\kurs2020\Debug\link.10984.write.1.tlog
C:\Users\Алексей\Documents\GitHub\kurs2020\kurs2020\Debug\link.10984-cvtres.read.1.tlog
C:\Users\Алексей\Documents\GitHub\kurs2020\kurs2020\Debug\link.10984-cvtres.write.1.tlog
C:\Users\Алексей\Documents\GitHub\kurs2020\kurs2020\Debug\link.11456.read.1.tlog
C:\Users\Алексей\Documents\GitHub\kurs2020\kurs2020\Debug\link.11456.write.1.tlog
C:\Users\Алексей\Documents\GitHub\kurs2020\kurs2020\Debug\link.11456-cvtres.read.1.tlog
C:\Users\Алексей\Documents\GitHub\kurs2020\kurs2020\Debug\link.11456-cvtres.write.1.tlog
C:\Users\Алексей\Documents\GitHub\kurs2020\kurs2020\Debug\link.11468.read.1.tlog
C:\Users\Алексей\Documents\GitHub\kurs2020\kurs2020\Debug\link.11468.write.1.tlog
C:\Users\Алексей\Documents\GitHub\kurs2020\kurs2020\Debug\link.11468-cvtres.read.1.tlog
C:\Users\Алексей\Documents\GitHub\kurs2020\kurs2020\Debug\link.11468-cvtres.write.1.tlog
C:\Users\Алексей\Documents\GitHub\kurs2020\kurs2020\Debug\link.11632.read.1.tlog
C:\Users\Алексей\Documents\GitHub\kurs2020\kurs2020\Debug\link.11632.write.1.tlog
C:\Users\Алексей\Documents\GitHub\kurs2020\kurs2020\Debug\link.11632-cvtres.read.1.tlog
C:\Users\Алексей\Documents\GitHub\kurs2020\kurs2020\Debug\link.11632-cvtres.write.1.tlog
C:\Users\Алексей\Documents\GitHub\kurs2020\kurs2020\Debug\link.12204.read.1.tlog
C:\Users\Алексей\Documents\GitHub\kurs2020\kurs2020\Debug\link.12204.write.1.tlog
C:\Users\Алексей\Documents\GitHub\kurs2020\kurs2020\Debug\link.12204-cvtres.read.1.tlog
C:\Users\Алексей\Documents\GitHub\kurs2020\kurs2020\Debug\link.12204-cvtres.write.1.tlog
C:\Users\Алексей\Documents\GitHub\kurs2020\kurs2020\Debug\link.12228.read.1.tlog
C:\Users\Алексей\Documents\GitHub\kurs2020\kurs2020\Debug\link.12228.write.1.tlog
C:\Users\Алексей\Documents\GitHub\kurs2020\kurs2020\Debug\link.12228-cvtres.read.1.tlog
C:\Users\Алексей\Documents\GitHub\kurs2020\kurs2020\Debug\link.12228-cvtres.write.1.tlog
C:\Users\Алексей\Documents\GitHub\kurs2020\kurs2020\Debug\link.12376.read.1.tlog
C:\Users\Алексей\Documents\GitHub\kurs2020\kurs2020\Debug\link.12376.write.1.tlog
C:\Users\Алексей\Documents\GitHub\kurs2020\kurs2020\Debug\link.12376-cvtres.read.1.tlog
C:\Users\Алексей\Documents\GitHub\kurs2020\kurs2020\Debug\link.12376-cvtres.write.1.tlog
C:\Users\Алексей\Documents\GitHub\kurs2020\kurs2020\Debug\link.12520.read.1.tlog
C:\Users\Алексей\Documents\GitHub\kurs2020\kurs2020\Debug\link.12520.write.1.tlog
C:\Users\Алексей\Documents\GitHub\kurs2020\kurs2020\Debug\link.12520-cvtres.read.1.tlog
C:\Users\Алексей\Documents\GitHub\kurs2020\kurs2020\Debug\link.12520-cvtres.write.1.tlog
C:\Users\Алексей\Documents\GitHub\kurs2020\kurs2020\Debug\link.12776.read.1.tlog
C:\Users\Алексей\Documents\GitHub\kurs2020\kurs2020\Debug\link.12776.write.1.tlog
C:\Users\Алексей\Documents\GitHub\kurs2020\kurs2020\Debug\link.12776-cvtres.read.1.tlog
C:\Users\Алексей\Documents\GitHub\kurs2020\kurs2020\Debug\link.12776-cvtres.write.1.tlog
C:\Users\Алексей\Documents\GitHub\kurs2020\kurs2020\Debug\link.13616.read.1.tlog
C:\Users\Алексей\Documents\GitHub\kurs2020\kurs2020\Debug\link.13616.write.1.tlog
C:\Users\Алексей\Documents\GitHub\kurs2020\kurs2020\Debug\link.13616-cvtres.read.1.tlog
C:\Users\Алексей\Documents\GitHub\kurs2020\kurs2020\Debug\link.13616-cvtres.write.1.tlog
C:\Users\Алексей\Documents\GitHub\kurs2020\kurs2020\Debug\link.13660.read.1.tlog
C:\Users\Алексей\Documents\GitHub\kurs2020\kurs2020\Debug\link.13660.write.1.tlog
C:\Users\Алексей\Documents\GitHub\kurs2020\kurs2020\Debug\link.13660-cvtres.read.1.tlog
C:\Users\Алексей\Documents\GitHub\kurs2020\kurs2020\Debug\link.13660-cvtres.write.1.tlog
C:\Users\Алексей\Documents\GitHub\kurs2020\kurs2020\Debug\link.13840.read.1.tlog
C:\Users\Алексей\Documents\GitHub\kurs2020\kurs2020\Debug\link.13840.write.1.tlog
C:\Users\Алексей\Documents\GitHub\kurs2020\kurs2020\Debug\link.13840-cvtres.read.1.tlog
C:\Users\Алексей\Documents\GitHub\kurs2020\kurs2020\Debug\link.13840-cvtres.write.1.tlog
C:\Users\Алексей\Documents\GitHub\kurs2020\kurs2020\Debug\link.13848.read.1.tlog
C:\Users\Алексей\Documents\GitHub\kurs2020\kurs2020\Debug\link.13848.write.1.tlog
C:\Users\Алексей\Documents\GitHub\kurs2020\kurs2020\Debug\link.13848-cvtres.read.1.tlog
C:\Users\Алексей\Documents\GitHub\kurs2020\kurs2020\Debug\link.13848-cvtres.write.1.tlog
C:\Users\Алексей\Documents\GitHub\kurs2020\kurs2020\Debug\link.13896.read.1.tlog
C:\Users\Алексей\Documents\GitHub\kurs2020\kurs2020\Debug\link.13896.write.1.tlog
C:\Users\Алексей\Documents\GitHub\kurs2020\kurs2020\Debug\link.13896-cvtres.read.1.tlog
C:\Users\Алексей\Documents\GitHub\kurs2020\kurs2020\Debug\link.13896-cvtres.write.1.tlog
C:\Users\Алексей\Documents\GitHub\kurs2020\kurs2020\Debug\link.13920.read.1.tlog
C:\Users\Алексей\Documents\GitHub\kurs2020\kurs2020\Debug\link.13920.write.1.tlog
C:\Users\Алексей\Documents\GitHub\kurs2020\kurs2020\Debug\link.13920-cvtres.read.1.tlog
C:\Users\Алексей\Documents\GitHub\kurs2020\kurs2020\Debug\link.13920-cvtres.write.1.tlog
C:\Users\Алексей\Documents\GitHub\kurs2020\kurs2020\Debug\link.4892.read.1.tlog
C:\Users\Алексей\Documents\GitHub\kurs2020\kurs2020\Debug\link.4892.write.1.tlog
C:\Users\Алексей\Documents\GitHub\kurs2020\kurs2020\Debug\link.4892-cvtres.read.1.tlog
C:\Users\Алексей\Documents\GitHub\kurs2020\kurs2020\Debug\link.4892-cvtres.write.1.tlog
C:\Users\Алексей\Documents\GitHub\kurs2020\kurs2020\Debug\link.6440.read.1.tlog
C:\Users\Алексей\Documents\GitHub\kurs2020\kurs2020\Debug\link.6440.write.1.tlog
C:\Users\Алексей\Documents\GitHub\kurs2020\kurs2020\Debug\link.6440-cvtres.read.1.tlog
C:\Users\Алексей\Documents\GitHub\kurs2020\kurs2020\Debug\link.6440-cvtres.write.1.tlog
C:\Users\Алексей\Documents\GitHub\kurs2020\kurs2020\Debug\link.6448.read.1.tlog
C:\Users\Алексей\Documents\GitHub\kurs2020\kurs2020\Debug\link.6448.write.1.tlog
C:\Users\Алексей\Documents\GitHub\kurs2020\kurs2020\Debug\link.6448-cvtres.read.1.tlog
C:\Users\Алексей\Documents\GitHub\kurs2020\kurs2020\Debug\link.6448-cvtres.write.1.tlog
C:\Users\Алексей\Documents\GitHub\kurs2020\kurs2020\Debug\link.6744.read.1.tlog
C:\Users\Алексей\Documents\GitHub\kurs2020\kurs2020\Debug\link.6744.write.1.tlog
C:\Users\Алексей\Documents\GitHub\kurs2020\kurs2020\Debug\link.6744-cvtres.read.1.tlog
C:\Users\Алексей\Documents\GitHub\kurs2020\kurs2020\Debug\link.6744-cvtres.write.1.tlog
C:\Users\Алексей\Documents\GitHub\kurs2020\kurs2020\Debug\link.784.read.1.tlog
C:\Users\Алексей\Documents\GitHub\kurs2020\kurs2020\Debug\link.784.write.1.tlog
C:\Users\Алексей\Documents\GitHub\kurs2020\kurs2020\Debug\link.784-cvtres.read.1.tlog
C:\Users\Алексей\Documents\GitHub\kurs2020\kurs2020\Debug\link.784-cvtres.write.1.tlog
C:\Users\Алексей\Documents\GitHub\kurs2020\kurs2020\Debug\link.7996.read.1.tlog
C:\Users\Алексей\Documents\GitHub\kurs2020\kurs2020\Debug\link.7996.write.1.tlog
C:\Users\Алексей\Documents\GitHub\kurs2020\kurs2020\Debug\link.7996-cvtres.read.1.tlog
C:\Users\Алексей\Documents\GitHub\kurs2020\kurs2020\Debug\link.7996-cvtres.write.1.tlog
C:\Users\Алексей\Documents\GitHub\kurs2020\kurs2020\Debug\link.8016.read.1.tlog
C:\Users\Алексей\Documents\GitHub\kurs2020\kurs2020\Debug\link.8016.write.1.tlog
C:\Users\Алексей\Documents\GitHub\kurs2020\kurs2020\Debug\link.8016-cvtres.read.1.tlog
C:\Users\Алексей\Documents\GitHub\kurs2020\kurs2020\Debug\link.8016-cvtres.write.1.tlog
C:\Users\Алексей\Documents\GitHub\kurs2020\kurs2020\Debug\link.8152.read.1.tlog
C:\Users\Алексей\Documents\GitHub\kurs2020\kurs2020\Debug\link.8152.write.1.tlog
C:\Users\Алексей\Documents\GitHub\kurs2020\kurs2020\Debug\link.8152-cvtres.read.1.tlog
C:\Users\Алексей\Documents\GitHub\kurs2020\kurs2020\Debug\link.8152-cvtres.write.1.tlog
C:\Users\Алексей\Documents\GitHub\kurs2020\kurs2020\Debug\link.9032.read.1.tlog
C:\Users\Алексей\Documents\GitHub\kurs2020\kurs2020\Debug\link.9032.write.1.tlog
C:\Users\Алексей\Documents\GitHub\kurs2020\kurs2020\Debug\link.9032-cvtres.read.1.tlog
C:\Users\Алексей\Documents\GitHub\kurs2020\kurs2020\Debug\link.9032-cvtres.write.1.tlog
C:\Users\Алексей\Documents\GitHub\kurs2020\kurs2020\Debug\link.9084.read.1.tlog
C:\Users\Алексей\Documents\GitHub\kurs2020\kurs2020\Debug\link.9084.write.1.tlog
C:\Users\Алексей\Documents\GitHub\kurs2020\kurs2020\Debug\link.9084-cvtres.read.1.tlog
C:\Users\Алексей\Documents\GitHub\kurs2020\kurs2020\Debug\link.9084-cvtres.write.1.tlog
C:\Users\Алексей\Documents\GitHub\kurs2020\kurs2020\Debug\link.9368.read.1.tlog
C:\Users\Алексей\Documents\GitHub\kurs2020\kurs2020\Debug\link.9368.write.1.tlog
C:\Users\Алексей\Documents\GitHub\kurs2020\kurs2020\Debug\link.9368-cvtres.read.1.tlog
C:\Users\Алексей\Documents\GitHub\kurs2020\kurs2020\Debug\link.9368-cvtres.write.1.tlog
C:\Users\Алексей\Documents\GitHub\kurs2020\kurs2020\Debug\link.command.1.tlog
C:\Users\Алексей\Documents\GitHub\kurs2020\kurs2020\Debug\link.read.1.tlog
C:\Users\Алексей\Documents\GitHub\kurs2020\kurs2020\Debug\link.write.1.tlog
C:\USERS\АЛЕКСЕЙ\DOCUMENTS\GITHUB\KURS2020\KURS2020\DEBUG\MAIN_GAME.OBJ
C:\Users\Алексей\Documents\GitHub\kurs2020\kurs2020\Debug\mt.command.1.tlog
C:\Users\Алексей\Documents\GitHub\kurs2020\kurs2020\Debug\mt.read.1.tlog
C:\Users\Алексей\Documents\GitHub\kurs2020\kurs2020\Debug\mt.write.1.tlog
C:\Users\Алексей\Documents\GitHub\kurs2020\kurs2020\Debug\rc.command.1.tlog
C:\Users\Алексей\Documents\GitHub\kurs2020\kurs2020\Debug\rc.read.1.tlog
C:\Users\Алексей\Documents\GitHub\kurs2020\kurs2020\Debug\rc.write.1.tlog
C:\USERS\Алексей\DOCUMENTS\GITHUB\KURS2020\KURS2020\DEBUG\STDAFX.OBJ
C:\USERS\АЛЕКСЕЙ\DOCUMENTS\GITHUB\KURS2020\KURS2020\DEBUG\TABL_KREST.OBJ
C:\USERS\АЛЕКСЕЙ\DOCUMENTS\GITHUB\KURS2020\KURS2020\DEBUG\VC100.PDB
