C:\USERS\Алексей\DOCUMENTS\GITHUB\KURS2020\KURS2020\RELEASE\.NETFRAMEWORK,VERSION=V4.0.ASSEMBLYATTRIBUTES.OBJ
C:\USERS\Алексей\DOCUMENTS\GITHUB\KURS2020\KURS2020\RELEASE\APP.RES
C:\USERS\Алексей\DOCUMENTS\GITHUB\KURS2020\KURS2020\RELEASE\ASSEMBLYINFO.OBJ
C:\Users\Алексей\Documents\GitHub\kurs2020\kurs2020\Release\cl.command.1.tlog
C:\Users\Алексей\Documents\GitHub\kurs2020\kurs2020\Release\CL.read.1.tlog
C:\Users\Алексей\Documents\GitHub\kurs2020\kurs2020\Release\CL.write.1.tlog
C:\USERS\Алексей\DOCUMENTS\GITHUB\KURS2020\KURS2020\RELEASE\KREST_AND_VILLAGE.OBJ
C:\USERS\Алексей\DOCUMENTS\GITHUB\KURS2020\KURS2020\RELEASE\KURS2020.EXE.INTERMEDIATE.MANIFEST
C:\Users\Алексей\Documents\GitHub\kurs2020\kurs2020\Release\kurs2020.Form1.resources
C:\Users\Алексей\Documents\GitHub\kurs2020\kurs2020\Release\kurs2020.main_game.resources
C:\USERS\Алексей\DOCUMENTS\GITHUB\KURS2020\KURS2020\RELEASE\KURS2020.OBJ
C:\USERS\Алексей\DOCUMENTS\GITHUB\KURS2020\KURS2020\RELEASE\KURS2020.PCH
C:\Users\Алексей\Documents\GitHub\kurs2020\kurs2020\Release\kurs2020.sell_tovar.resources
C:\Users\Алексей\Documents\GitHub\kurs2020\kurs2020\Release\kurs2020.tabl_krest.resources
C:\Users\Алексей\Documents\GitHub\kurs2020\kurs2020\Release\kurs2020.tabl_naim.resources
C:\Users\Алексей\Documents\GitHub\kurs2020\kurs2020\Release\kurs2020.vcxproj.GenerateResource.Cache
C:\Users\Алексей\Documents\GitHub\kurs2020\kurs2020\Release\kurs2020.vcxprojResolveAssemblyReference.cache
C:\Users\Алексей\Documents\GitHub\kurs2020\kurs2020\Release\kurs2020.write.1.tlog
C:\Users\Алексей\Documents\GitHub\kurs2020\kurs2020\Release\link.command.1.tlog
C:\Users\Алексей\Documents\GitHub\kurs2020\kurs2020\Release\link.read.1.tlog
C:\Users\Алексей\Documents\GitHub\kurs2020\kurs2020\Release\link.write.1.tlog
C:\Users\Алексей\Documents\GitHub\kurs2020\kurs2020\Release\link-cvtres.read.1.tlog
C:\Users\Алексей\Documents\GitHub\kurs2020\kurs2020\Release\link-cvtres.write.1.tlog
C:\USERS\Алексей\DOCUMENTS\GITHUB\KURS2020\KURS2020\RELEASE\MAIN_GAME.OBJ
C:\Users\Алексей\Documents\GitHub\kurs2020\kurs2020\Release\mt.command.1.tlog
C:\Users\Алексей\Documents\GitHub\kurs2020\kurs2020\Release\mt.read.1.tlog
C:\Users\Алексей\Documents\GitHub\kurs2020\kurs2020\Release\mt.write.1.tlog
C:\Users\Алексей\Documents\GitHub\kurs2020\kurs2020\Release\rc.command.1.tlog
C:\Users\Алексей\Documents\GitHub\kurs2020\kurs2020\Release\rc.read.1.tlog
C:\Users\Алексей\Documents\GitHub\kurs2020\kurs2020\Release\rc.write.1.tlog
C:\USERS\Алексей\DOCUMENTS\GITHUB\KURS2020\KURS2020\RELEASE\SELL_TOVAR.OBJ
C:\USERS\АЛЕКСЕЙ\DOCUMENTS\GITHUB\KURS2020\KURS2020\RELEASE\SPRAVK.OBJ
C:\USERS\Алексей\DOCUMENTS\GITHUB\KURS2020\KURS2020\RELEASE\STDAFX.OBJ
C:\USERS\Алексей\DOCUMENTS\GITHUB\KURS2020\KURS2020\RELEASE\TABL_KREST.OBJ
C:\USERS\Алексей\DOCUMENTS\GITHUB\KURS2020\KURS2020\RELEASE\TABL_NAIM.OBJ
C:\USERS\АЛЕКСЕЙ\DOCUMENTS\GITHUB\KURS2020\KURS2020\RELEASE\VC100.PDB
C:\USERS\Алексей\DOCUMENTS\GITHUB\KURS2020\RELEASE\KURS2020.EXE
C:\USERS\АЛЕКСЕЙ\DOCUMENTS\GITHUB\KURS2020\RELEASE\KURS2020.PDB
